[0711/212533.291:ERROR:process_memory_win.cc(73)] ReadMemory at 0x7ff613b90000 of 64 bytes failed: Ukoñczono tylko czêœæ ¿¹dania ReadProcessMemory lub WriteProcessMemory. (0x12B)
[0711/212533.292:WARNING:pe_image_reader.cc(340)] could not read dos header from C:\Program Files (x86)\Google\Chrome\Application\chrome.exe
[0711/212533.292:ERROR:process_memory_win.cc(73)] ReadMemory at 0x7ffdfcc30000 of 64 bytes failed: Ukoñczono tylko czêœæ ¿¹dania ReadProcessMemory lub WriteProcessMemory. (0x12B)
[0711/212533.292:WARNING:pe_image_reader.cc(340)] could not read dos header from C:\WINDOWS\SYSTEM32\ntdll.dll
[0711/212533.292:ERROR:process_memory_win.cc(73)] ReadMemory at 0x7ffdf9e60000 of 64 bytes failed: Ukoñczono tylko czêœæ ¿¹dania ReadProcessMemory lub WriteProcessMemory. (0x12B)
[0711/212533.292:WARNING:pe_image_reader.cc(340)] could not read dos header from C:\WINDOWS\System32\KERNEL32.DLL
[0711/212533.292:ERROR:process_memory_win.cc(73)] ReadMemory at 0x7ffdf9bc0000 of 64 bytes failed: Ukoñczono tylko czêœæ ¿¹dania ReadProcessMemory lub WriteProcessMemory. (0x12B)
[0711/212533.292:WARNING:pe_image_reader.cc(340)] could not read dos header from C:\WINDOWS\System32\KERNELBASE.dll
[0711/212533.292:ERROR:process_memory_win.cc(73)] ReadMemory at 0x7ffdfaae0000 of 64 bytes failed: Ukoñczono tylko czêœæ ¿¹dania ReadProcessMemory lub WriteProcessMemory. (0x12B)
[0711/212533.292:WARNING:pe_image_reader.cc(340)] could not read dos header from C:\WINDOWS\System32\SHELL32.dll
[0711/212533.292:ERROR:process_memory_win.cc(73)] ReadMemory at 0x7ffdfa8f0000 of 64 bytes failed: Ukoñczono tylko czêœæ ¿¹dania ReadProcessMemory lub WriteProcessMemory. (0x12B)
[0711/212533.292:WARNING:pe_image_reader.cc(340)] could not read dos header from C:\WINDOWS\System32\msvcrt.dll
[0711/212533.293:ERROR:process_memory_win.cc(73)] ReadMemory at 0x7ffdf8ec0000 of 64 bytes failed: Ukoñczono tylko czêœæ ¿¹dania ReadProcessMemory lub WriteProcessMemory. (0x12B)
[0711/212533.293:WARNING:pe_image_reader.cc(340)] could not read dos header from C:\WINDOWS\System32\cfgmgr32.dll
[0711/212533.293:ERROR:process_memory_win.cc(73)] ReadMemory at 0x7ffdf9900000 of 64 bytes failed: Ukoñczono tylko czêœæ ¿¹dania ReadProcessMemory lub WriteProcessMemory. (0x12B)
[0711/212533.293:WARNING:pe_image_reader.cc(340)] could not read dos header from C:\WINDOWS\System32\ucrtbase.dll
[0711/212533.293:ERROR:process_memory_win.cc(73)] ReadMemory at 0x7ffdfa480000 of 64 bytes failed: Ukoñczono tylko czêœæ ¿¹dania ReadProcessMemory lub WriteProcessMemory. (0x12B)
[0711/212533.293:WARNING:pe_image_reader.cc(340)] could not read dos header from C:\WINDOWS\System32\shcore.dll
[0711/212533.293:ERROR:process_memory_win.cc(73)] ReadMemory at 0x7ffdfc0a0000 of 64 bytes failed: Ukoñczono tylko czêœæ ¿¹dania ReadProcessMemory lub WriteProcessMemory. (0x12B)
[0711/212533.293:WARNING:pe_image_reader.cc(340)] could not read dos header from C:\WINDOWS\System32\RPCRT4.dll
[0711/212533.293:ERROR:process_memory_win.cc(73)] ReadMemory at 0x222001a0000 of 64 bytes failed: Ukoñczono tylko czêœæ ¿¹dania ReadProcessMemory lub WriteProcessMemory. (0x12B)
[0711/212533.293:WARNING:pe_image_reader.cc(340)] could not read dos header from C:\WINDOWS\System32\combase.dll
[0711/212533.293:ERROR:process_memory_win.cc(73)] ReadMemory at 0x7ffdf9b10000 of 64 bytes failed: Ukoñczono tylko czêœæ ¿¹dania ReadProcessMemory lub WriteProcessMemory. (0x12B)
[0711/212533.293:WARNING:pe_image_reader.cc(340)] could not read dos header from C:\WINDOWS\System32\bcryptPrimitives.dll
[0711/212533.293:ERROR:process_memory_win.cc(73)] ReadMemory at 0x7ffdf91b0000 of 64 bytes failed: Ukoñczono tylko czêœæ ¿¹dania ReadProcessMemory lub WriteProcessMemory. (0x12B)
[0711/212533.293:WARNING:pe_image_reader.cc(340)] could not read dos header from C:\WINDOWS\System32\windows.storage.dll
[0711/212533.293:ERROR:process_memory_win.cc(73)] ReadMemory at 0x7ffdf9110000 of 64 bytes failed: Ukoñczono tylko czêœæ ¿¹dania ReadProcessMemory lub WriteProcessMemory. (0x12B)
[0711/212533.293:WARNING:pe_image_reader.cc(340)] could not read dos header from C:\WINDOWS\System32\msvcp_win.dll
[0711/212533.293:ERROR:process_memory_win.cc(73)] ReadMemory at 0x7ffdfaa40000 of 64 bytes failed: Ukoñczono tylko czêœæ ¿¹dania ReadProcessMemory lub WriteProcessMemory. (0x12B)
[0711/212533.293:WARNING:pe_image_reader.cc(340)] could not read dos header from C:\WINDOWS\System32\sechost.dll
[0711/212533.293:ERROR:process_memory_win.cc(73)] ReadMemory at 0x7ffdfa990000 of 64 bytes failed: Ukoñczono tylko czêœæ ¿¹dania ReadProcessMemory lub WriteProcessMemory. (0x12B)
[0711/212533.293:WARNING:pe_image_reader.cc(340)] could not read dos header from C:\WINDOWS\System32\advapi32.dll
[0711/212533.293:ERROR:process_memory_win.cc(73)] ReadMemory at 0x7ffdf8c30000 of 64 bytes failed: Ukoñczono tylko czêœæ ¿¹dania ReadProcessMemory lub WriteProcessMemory. (0x12B)
[0711/212533.293:WARNING:pe_image_reader.cc(340)] could not read dos header from C:\WINDOWS\System32\profapi.dll
[0711/212533.293:ERROR:process_memory_win.cc(73)] ReadMemory at 0x7ffdf8ca0000 of 64 bytes failed: Ukoñczono tylko czêœæ ¿¹dania ReadProcessMemory lub WriteProcessMemory. (0x12B)
[0711/212533.293:WARNING:pe_image_reader.cc(340)] could not read dos header from C:\WINDOWS\System32\powrprof.dll
[0711/212533.293:ERROR:process_memory_win.cc(73)] ReadMemory at 0x7ffdfc680000 of 64 bytes failed: Ukoñczono tylko czêœæ ¿¹dania ReadProcessMemory lub WriteProcessMemory. (0x12B)
[0711/212533.293:WARNING:pe_image_reader.cc(340)] could not read dos header from C:\WINDOWS\System32\shlwapi.dll
[0711/212533.293:ERROR:process_memory_win.cc(73)] ReadMemory at 0x7ffdfbfd0000 of 64 bytes failed: Ukoñczono tylko czêœæ ¿¹dania ReadProcessMemory lub WriteProcessMemory. (0x12B)
[0711/212533.293:WARNING:pe_image_reader.cc(340)] could not read dos header from C:\WINDOWS\System32\GDI32.dll
[0711/212533.293:ERROR:process_memory_win.cc(73)] ReadMemory at 0x7ffdf8d00000 of 64 bytes failed: Ukoñczono tylko czêœæ ¿¹dania ReadProcessMemory lub WriteProcessMemory. (0x12B)
[0711/212533.293:WARNING:pe_image_reader.cc(340)] could not read dos header from C:\WINDOWS\System32\gdi32full.dll
[0711/212533.293:ERROR:process_memory_win.cc(73)] ReadMemory at 0x7ffdfca60000 of 64 bytes failed: Ukoñczono tylko czêœæ ¿¹dania ReadProcessMemory lub WriteProcessMemory. (0x12B)
[0711/212533.293:WARNING:pe_image_reader.cc(340)] could not read dos header from C:\WINDOWS\System32\USER32.dll
[0711/212533.293:ERROR:process_memory_win.cc(73)] ReadMemory at 0x7ffdf8ea0000 of 64 bytes failed: Ukoñczono tylko czêœæ ¿¹dania ReadProcessMemory lub WriteProcessMemory. (0x12B)
[0711/212533.293:WARNING:pe_image_reader.cc(340)] could not read dos header from C:\WINDOWS\System32\win32u.dll
[0711/212533.293:ERROR:process_memory_win.cc(73)] ReadMemory at 0x7ffdf8c60000 of 64 bytes failed: Ukoñczono tylko czêœæ ¿¹dania ReadProcessMemory lub WriteProcessMemory. (0x12B)
[0711/212533.294:WARNING:pe_image_reader.cc(340)] could not read dos header from C:\WINDOWS\System32\kernel.appcore.dll
[0711/212533.294:ERROR:process_memory_win.cc(73)] ReadMemory at 0x7ffdf8f10000 of 64 bytes failed: Ukoñczono tylko czêœæ ¿¹dania ReadProcessMemory lub WriteProcessMemory. (0x12B)
[0711/212533.294:WARNING:pe_image_reader.cc(340)] could not read dos header from C:\WINDOWS\System32\cryptsp.dll
[0711/212533.294:ERROR:process_memory_win.cc(73)] ReadMemory at 0x7ffdc4740000 of 64 bytes failed: Ukoñczono tylko czêœæ ¿¹dania ReadProcessMemory lub WriteProcessMemory. (0x12B)
[0711/212533.294:WARNING:pe_image_reader.cc(340)] could not read dos header from C:\Program Files (x86)\Google\Chrome\Application\75.0.3770.100\chrome_elf.dll
[0711/212533.294:ERROR:process_memory_win.cc(73)] ReadMemory at 0x7ffdecba0000 of 64 bytes failed: Ukoñczono tylko czêœæ ¿¹dania ReadProcessMemory lub WriteProcessMemory. (0x12B)
[0711/212533.294:WARNING:pe_image_reader.cc(340)] could not read dos header from C:\WINDOWS\SYSTEM32\VERSION.dll
[0711/212533.294:ERROR:process_memory_win.cc(73)] ReadMemory at 0x7ffdebe00000 of 64 bytes failed: Ukoñczono tylko czêœæ ¿¹dania ReadProcessMemory lub WriteProcessMemory. (0x12B)
[0711/212533.294:WARNING:pe_image_reader.cc(340)] could not read dos header from C:\WINDOWS\SYSTEM32\WINMM.dll
[0711/212533.294:ERROR:process_memory_win.cc(73)] ReadMemory at 0x7ffdf8b60000 of 64 bytes failed: Ukoñczono tylko czêœæ ¿¹dania ReadProcessMemory lub WriteProcessMemory. (0x12B)
[0711/212533.294:WARNING:pe_image_reader.cc(340)] could not read dos header from C:\WINDOWS\SYSTEM32\USERENV.dll
[0711/212533.294:ERROR:process_memory_win.cc(73)] ReadMemory at 0x7ffdebca0000 of 64 bytes failed: Ukoñczono tylko czêœæ ¿¹dania ReadProcessMemory lub WriteProcessMemory. (0x12B)
[0711/212533.294:WARNING:pe_image_reader.cc(340)] could not read dos header from C:\WINDOWS\SYSTEM32\WINMMBASE.dll
[0711/212533.294:ERROR:process_memory_win.cc(73)] ReadMemory at 0x7ffdf8610000 of 64 bytes failed: Ukoñczono tylko czêœæ ¿¹dania ReadProcessMemory lub WriteProcessMemory. (0x12B)
[0711/212533.294:WARNING:pe_image_reader.cc(340)] could not read dos header from C:\WINDOWS\SYSTEM32\CRYPTBASE.DLL
[0711/212533.294:ERROR:process_memory_win.cc(73)] ReadMemory at 0x7ffdfc1d0000 of 64 bytes failed: Ukoñczono tylko czêœæ ¿¹dania ReadProcessMemory lub WriteProcessMemory. (0x12B)
[0711/212533.294:WARNING:pe_image_reader.cc(340)] could not read dos header from C:\WINDOWS\System32\IMM32.DLL
[0711/212533.294:ERROR:process_memory_win.cc(73)] ReadMemory at 0x7ffd95690000 of 64 bytes failed: Ukoñczono tylko czêœæ ¿¹dania ReadProcessMemory lub WriteProcessMemory. (0x12B)
[0711/212533.294:WARNING:pe_image_reader.cc(340)] could not read dos header from C:\Program Files (x86)\Google\Chrome\Application\75.0.3770.100\chrome_child.dll
[0711/212533.294:ERROR:process_memory_win.cc(73)] ReadMemory at 0x7ffdfa5e0000 of 64 bytes failed: Ukoñczono tylko czêœæ ¿¹dania ReadProcessMemory lub WriteProcessMemory. (0x12B)
[0711/212533.294:WARNING:pe_image_reader.cc(340)] could not read dos header from C:\WINDOWS\System32\WS2_32.dll
[0711/212533.294:ERROR:process_memory_win.cc(73)] ReadMemory at 0x7ffdfa660000 of 64 bytes failed: Ukoñczono tylko czêœæ ¿¹dania ReadProcessMemory lub WriteProcessMemory. (0x12B)
[0711/212533.295:WARNING:pe_image_reader.cc(340)] could not read dos header from C:\WINDOWS\System32\ole32.dll
[0711/212533.295:ERROR:process_memory_win.cc(73)] ReadMemory at 0x7ffdfa820000 of 64 bytes failed: Ukoñczono tylko czêœæ ¿¹dania ReadProcessMemory lub WriteProcessMemory. (0x12B)
[0711/212533.295:WARNING:pe_image_reader.cc(340)] could not read dos header from C:\WINDOWS\System32\OLEAUT32.dll
[0711/212533.295:ERROR:process_memory_win.cc(73)] ReadMemory at 0x7ffdf9ab0000 of 64 bytes failed: Ukoñczono tylko czêœæ ¿¹dania ReadProcessMemory lub WriteProcessMemory. (0x12B)
[0711/212533.295:WARNING:pe_image_reader.cc(340)] could not read dos header from C:\WINDOWS\System32\WINTRUST.dll
[0711/212533.295:ERROR:process_memory_win.cc(73)] ReadMemory at 0x7ffdf8c80000 of 64 bytes failed: Ukoñczono tylko czêœæ ¿¹dania ReadProcessMemory lub WriteProcessMemory. (0x12B)
[0711/212533.295:WARNING:pe_image_reader.cc(340)] could not read dos header from C:\WINDOWS\System32\MSASN1.dll
[0711/212533.295:ERROR:process_memory_win.cc(73)] ReadMemory at 0x7ffdf8f30000 of 64 bytes failed: Ukoñczono tylko czêœæ ¿¹dania ReadProcessMemory lub WriteProcessMemory. (0x12B)
[0711/212533.295:WARNING:pe_image_reader.cc(340)] could not read dos header from C:\WINDOWS\System32\CRYPT32.dll
[0711/212533.295:ERROR:process_memory_win.cc(73)] ReadMemory at 0x7ffdfa2f0000 of 64 bytes failed: Ukoñczono tylko czêœæ ¿¹dania ReadProcessMemory lub WriteProcessMemory. (0x12B)
[0711/212533.295:WARNING:pe_image_reader.cc(340)] could not read dos header from C:\WINDOWS\System32\COMDLG32.dll
[0711/212533.295:ERROR:process_memory_win.cc(73)] ReadMemory at 0x7ffdf81a0000 of 64 bytes failed: Ukoñczono tylko czêœæ ¿¹dania ReadProcessMemory lub WriteProcessMemory. (0x12B)
[0711/212533.295:WARNING:pe_image_reader.cc(340)] could not read dos header from C:\WINDOWS\SYSTEM32\IPHLPAPI.DLL
[0711/212533.295:ERROR:process_memory_win.cc(73)] ReadMemory at 0x7ffdea6f0000 of 64 bytes failed: Ukoñczono tylko czêœæ ¿¹dania ReadProcessMemory lub WriteProcessMemory. (0x12B)
[0711/212533.295:WARNING:pe_image_reader.cc(340)] could not read dos header from C:\WINDOWS\SYSTEM32\OLEACC.dll
[0711/212533.295:ERROR:process_memory_win.cc(73)] ReadMemory at 0x7ffdcd190000 of 64 bytes failed: Ukoñczono tylko czêœæ ¿¹dania ReadProcessMemory lub WriteProcessMemory. (0x12B)
[0711/212533.295:WARNING:pe_image_reader.cc(340)] could not read dos header from C:\WINDOWS\SYSTEM32\UIAutomationCore.DLL
[0711/212533.295:ERROR:process_memory_win.cc(73)] ReadMemory at 0x7ffdf4bf0000 of 64 bytes failed: Ukoñczono tylko czêœæ ¿¹dania ReadProcessMemory lub WriteProcessMemory. (0x12B)
[0711/212533.295:WARNING:pe_image_reader.cc(340)] could not read dos header from C:\WINDOWS\SYSTEM32\WTSAPI32.dll
[0711/212533.295:ERROR:process_memory_win.cc(73)] ReadMemory at 0x7ffdd88e0000 of 64 bytes failed: Ukoñczono tylko czêœæ ¿¹dania ReadProcessMemory lub WriteProcessMemory. (0x12B)
[0711/212533.295:WARNING:pe_image_reader.cc(340)] could not read dos header from C:\WINDOWS\SYSTEM32\DWrite.dll
[0711/212533.295:ERROR:process_memory_win.cc(73)] ReadMemory at 0x7ffdf79d0000 of 64 bytes failed: Ukoñczono tylko czêœæ ¿¹dania ReadProcessMemory lub WriteProcessMemory. (0x12B)
[0711/212533.295:WARNING:pe_image_reader.cc(340)] could not read dos header from C:\WINDOWS\SYSTEM32\dxgi.dll
[0711/212533.296:ERROR:process_memory_win.cc(73)] ReadMemory at 0x7ffdea190000 of 64 bytes failed: Ukoñczono tylko czêœæ ¿¹dania ReadProcessMemory lub WriteProcessMemory. (0x12B)
[0711/212533.296:WARNING:pe_image_reader.cc(340)] could not read dos header from C:\WINDOWS\SYSTEM32\WINSPOOL.DRV
[0711/212533.296:ERROR:process_memory_win.cc(73)] ReadMemory at 0x7ffdf9b90000 of 64 bytes failed: Ukoñczono tylko czêœæ ¿¹dania ReadProcessMemory lub WriteProcessMemory. (0x12B)
[0711/212533.296:WARNING:pe_image_reader.cc(340)] could not read dos header from C:\WINDOWS\System32\bcrypt.dll
[0711/212533.296:ERROR:process_memory_win.cc(73)] ReadMemory at 0x7ffdf1ab0000 of 64 bytes failed: Ukoñczono tylko czêœæ ¿¹dania ReadProcessMemory lub WriteProcessMemory. (0x12B)
[0711/212533.296:WARNING:pe_image_reader.cc(340)] could not read dos header from C:\WINDOWS\SYSTEM32\dbghelp.dll
[0711/212533.296:ERROR:process_memory_win.cc(73)] ReadMemory at 0x7ffde9f10000 of 64 bytes failed: Ukoñczono tylko czêœæ ¿¹dania ReadProcessMemory lub WriteProcessMemory. (0x12B)
[0711/212533.296:WARNING:pe_image_reader.cc(340)] could not read dos header from C:\WINDOWS\WinSxS\amd64_microsoft.windows.common-controls_6595b64144ccf1df_6.0.17763.615_none_05b4414a072024d4\COMCTL32.dll
[0711/212533.296:ERROR:process_memory_win.cc(73)] ReadMemory at 0x7ffdf0110000 of 64 bytes failed: Ukoñczono tylko czêœæ ¿¹dania ReadProcessMemory lub WriteProcessMemory. (0x12B)
[0711/212533.296:WARNING:pe_image_reader.cc(340)] could not read dos header from C:\WINDOWS\SYSTEM32\USP10.dll
[0711/212533.296:ERROR:process_memory_win.cc(73)] ReadMemory at 0x7ffdf08b0000 of 64 bytes failed: Ukoñczono tylko czêœæ ¿¹dania ReadProcessMemory lub WriteProcessMemory. (0x12B)
[0711/212533.296:WARNING:pe_image_reader.cc(340)] could not read dos header from C:\WINDOWS\SYSTEM32\WINHTTP.dll
[0711/212533.296:ERROR:process_memory_win.cc(73)] ReadMemory at 0x7ffdee190000 of 64 bytes failed: Ukoñczono tylko czêœæ ¿¹dania ReadProcessMemory lub WriteProcessMemory. (0x12B)
[0711/212533.296:WARNING:pe_image_reader.cc(340)] could not read dos header from C:\WINDOWS\SYSTEM32\urlmon.dll
[0711/212533.296:ERROR:process_memory_win.cc(73)] ReadMemory at 0x7ffdec260000 of 64 bytes failed: Ukoñczono tylko czêœæ ¿¹dania ReadProcessMemory lub WriteProcessMemory. (0x12B)
[0711/212533.296:WARNING:pe_image_reader.cc(340)] could not read dos header from C:\WINDOWS\SYSTEM32\Secur32.dll
[0711/212533.296:ERROR:process_memory_win.cc(73)] ReadMemory at 0x7ffdf2710000 of 64 bytes failed: Ukoñczono tylko czêœæ ¿¹dania ReadProcessMemory lub WriteProcessMemory. (0x12B)
[0711/212533.296:WARNING:pe_image_reader.cc(340)] could not read dos header from C:\WINDOWS\SYSTEM32\dhcpcsvc.DLL
[0711/212533.296:ERROR:process_memory_win.cc(73)] ReadMemory at 0x7ffdfa650000 of 64 bytes failed: Ukoñczono tylko czêœæ ¿¹dania ReadProcessMemory lub WriteProcessMemory. (0x12B)
[0711/212533.296:WARNING:pe_image_reader.cc(340)] could not read dos header from C:\WINDOWS\System32\NSI.dll
[0711/212533.296:ERROR:process_memory_win.cc(73)] ReadMemory at 0x7ffddf5c0000 of 64 bytes failed: Ukoñczono tylko czêœæ ¿¹dania ReadProcessMemory lub WriteProcessMemory. (0x12B)
[0711/212533.296:WARNING:pe_image_reader.cc(340)] could not read dos header from C:\WINDOWS\SYSTEM32\Bcp47Langs.dll
[0711/212533.296:ERROR:process_memory_win.cc(73)] ReadMemory at 0x7ffdf5820000 of 64 bytes failed: Ukoñczono tylko czêœæ ¿¹dania ReadProcessMemory lub WriteProcessMemory. (0x12B)
[0711/212533.297:WARNING:pe_image_reader.cc(340)] could not read dos header from C:\WINDOWS\SYSTEM32\PROPSYS.dll
[0711/212533.297:ERROR:process_memory_win.cc(73)] ReadMemory at 0x7ffdeb910000 of 64 bytes failed: Ukoñczono tylko czêœæ ¿¹dania ReadProcessMemory lub WriteProcessMemory. (0x12B)
[0711/212533.297:WARNING:pe_image_reader.cc(340)] could not read dos header from C:\WINDOWS\SYSTEM32\iertutil.dll
[0711/212533.297:ERROR:process_memory_win.cc(73)] ReadMemory at 0x7ffdf8b30000 of 64 bytes failed: Ukoñczono tylko czêœæ ¿¹dania ReadProcessMemory lub WriteProcessMemory. (0x12B)
[0711/212533.297:WARNING:pe_image_reader.cc(340)] could not read dos header from C:\WINDOWS\SYSTEM32\SSPICLI.DLL
[0711/212533.316:ERROR:process_memory_win.cc(73)] ReadMemory at 0xc4cd3f3000 of 53248 bytes failed: Ukoñczono tylko czêœæ ¿¹dania ReadProcessMemory lub WriteProcessMemory. (0x12B)
[0711/212533.317:ERROR:process_memory_win.cc(73)] ReadMemory at 0xc4cd5fd000 of 12288 bytes failed: Ukoñczono tylko czêœæ ¿¹dania ReadProcessMemory lub WriteProcessMemory. (0x12B)
[0711/212533.317:ERROR:process_memory_win.cc(73)] ReadMemory at 0xc4cd7fc000 of 16384 bytes failed: Ukoñczono tylko czêœæ ¿¹dania ReadProcessMemory lub WriteProcessMemory. (0x12B)
[0711/212533.317:ERROR:process_memory_win.cc(73)] ReadMemory at 0xc4cd9fd000 of 12288 bytes failed: Ukoñczono tylko czêœæ ¿¹dania ReadProcessMemory lub WriteProcessMemory. (0x12B)
[0711/212533.317:ERROR:process_memory_win.cc(73)] ReadMemory at 0xc4cdbfb000 of 20480 bytes failed: Ukoñczono tylko czêœæ ¿¹dania ReadProcessMemory lub WriteProcessMemory. (0x12B)
[0711/212533.317:ERROR:process_memory_win.cc(73)] ReadMemory at 0xc4cddfe000 of 8192 bytes failed: Ukoñczono tylko czêœæ ¿¹dania ReadProcessMemory lub WriteProcessMemory. (0x12B)
[0711/212533.317:ERROR:process_memory_win.cc(73)] ReadMemory at 0xc4cdffd000 of 12288 bytes failed: Ukoñczono tylko czêœæ ¿¹dania ReadProcessMemory lub WriteProcessMemory. (0x12B)
[0711/212533.317:ERROR:process_memory_win.cc(73)] ReadMemory at 0xc4ce1fb000 of 20480 bytes failed: Ukoñczono tylko czêœæ ¿¹dania ReadProcessMemory lub WriteProcessMemory. (0x12B)
[0711/212533.318:ERROR:process_memory_win.cc(73)] ReadMemory at 0xc4ce3fd000 of 12288 bytes failed: Ukoñczono tylko czêœæ ¿¹dania ReadProcessMemory lub WriteProcessMemory. (0x12B)
[0711/212533.318:ERROR:process_memory_win.cc(73)] ReadMemory at 0xc4ce5f6000 of 40960 bytes failed: Ukoñczono tylko czêœæ ¿¹dania ReadProcessMemory lub WriteProcessMemory. (0x12B)
[0711/212533.318:ERROR:process_memory_win.cc(73)] ReadMemory at 0xc4ce7f6000 of 40960 bytes failed: Ukoñczono tylko czêœæ ¿¹dania ReadProcessMemory lub WriteProcessMemory. (0x12B)
[0711/212533.318:ERROR:process_memory_win.cc(73)] ReadMemory at 0xc4ce9f9000 of 28672 bytes failed: Ukoñczono tylko czêœæ ¿¹dania ReadProcessMemory lub WriteProcessMemory. (0x12B)
[0711/212533.318:ERROR:process_memory_win.cc(73)] ReadMemory at 0xc4cebf9000 of 28672 bytes failed: Ukoñczono tylko czêœæ ¿¹dania ReadProcessMemory lub WriteProcessMemory. (0x12B)
[0711/212533.318:ERROR:process_memory_win.cc(73)] ReadMemory at 0xc4cedfd000 of 12288 bytes failed: Ukoñczono tylko czêœæ ¿¹dania ReadProcessMemory lub WriteProcessMemory. (0x12B)
[0711/212533.318:ERROR:process_memory_win.cc(73)] ReadMemory at 0xc4ceffc000 of 16384 bytes failed: Ukoñczono tylko czêœæ ¿¹dania ReadProcessMemory lub WriteProcessMemory. (0x12B)
[0711/212533.319:ERROR:process_memory_win.cc(73)] ReadMemory at 0xc4cf1fc000 of 16384 bytes failed: Ukoñczono tylko czêœæ ¿¹dania ReadProcessMemory lub WriteProcessMemory. (0x12B)
[0711/212533.319:ERROR:process_memory_win.cc(73)] ReadMemory at 0xc4cf3fd000 of 12288 bytes failed: Ukoñczono tylko czêœæ ¿¹dania ReadProcessMemory lub WriteProcessMemory. (0x12B)
[0711/212533.319:ERROR:process_memory_win.cc(73)] ReadMemory at 0xc4cf7fd000 of 12288 bytes failed: Ukoñczono tylko czêœæ ¿¹dania ReadProcessMemory lub WriteProcessMemory. (0x12B)
[0711/212533.319:ERROR:process_memory_win.cc(73)] ReadMemory at 0xc4cf5fd000 of 12288 bytes failed: Ukoñczono tylko czêœæ ¿¹dania ReadProcessMemory lub WriteProcessMemory. (0x12B)
[0711/212533.319:ERROR:process_memory_win.cc(73)] ReadMemory at 0xc4cf9fd000 of 12288 bytes failed: Ukoñczono tylko czêœæ ¿¹dania ReadProcessMemory lub WriteProcessMemory. (0x12B)
[0711/212533.319:ERROR:process_memory_win.cc(73)] ReadMemory at 0xc4cd16f000 of 852 bytes failed: Ukoñczono tylko czêœæ ¿¹dania ReadProcessMemory lub WriteProcessMemory. (0x12B)
[0711/212533.319:ERROR:process_memory_win.cc(73)] ReadMemory at 0xc4cd170000 of 6024 bytes failed: Ukoñczono tylko czêœæ ¿¹dania ReadProcessMemory lub WriteProcessMemory. (0x12B)
[0711/212533.320:ERROR:process_memory_win.cc(73)] ReadMemory at 0xc4cd172000 of 6024 bytes failed: Ukoñczono tylko czêœæ ¿¹dania ReadProcessMemory lub WriteProcessMemory. (0x12B)
[0711/212533.320:ERROR:process_memory_win.cc(73)] ReadMemory at 0xc4cd174000 of 6024 bytes failed: Ukoñczono tylko czêœæ ¿¹dania ReadProcessMemory lub WriteProcessMemory. (0x12B)
[0711/212533.320:ERROR:process_memory_win.cc(73)] ReadMemory at 0xc4cd176000 of 6024 bytes failed: Ukoñczono tylko czêœæ ¿¹dania ReadProcessMemory lub WriteProcessMemory. (0x12B)
[0711/212533.320:ERROR:process_memory_win.cc(73)] ReadMemory at 0xc4cd178000 of 6024 bytes failed: Ukoñczono tylko czêœæ ¿¹dania ReadProcessMemory lub WriteProcessMemory. (0x12B)
[0711/212533.320:ERROR:process_memory_win.cc(73)] ReadMemory at 0xc4cd17a000 of 6024 bytes failed: Ukoñczono tylko czêœæ ¿¹dania ReadProcessMemory lub WriteProcessMemory. (0x12B)
[0711/212533.320:ERROR:process_memory_win.cc(73)] ReadMemory at 0xc4cd17c000 of 6024 bytes failed: Ukoñczono tylko czêœæ ¿¹dania ReadProcessMemory lub WriteProcessMemory. (0x12B)
[0711/212533.320:ERROR:process_memory_win.cc(73)] ReadMemory at 0xc4cd17e000 of 6024 bytes failed: Ukoñczono tylko czêœæ ¿¹dania ReadProcessMemory lub WriteProcessMemory. (0x12B)
[0711/212533.320:ERROR:process_memory_win.cc(73)] ReadMemory at 0xc4cd180000 of 6024 bytes failed: Ukoñczono tylko czêœæ ¿¹dania ReadProcessMemory lub WriteProcessMemory. (0x12B)
[0711/212533.321:ERROR:process_memory_win.cc(73)] ReadMemory at 0xc4cd182000 of 6024 bytes failed: Ukoñczono tylko czêœæ ¿¹dania ReadProcessMemory lub WriteProcessMemory. (0x12B)
[0711/212533.321:ERROR:process_memory_win.cc(73)] ReadMemory at 0xc4cd184000 of 6024 bytes failed: Ukoñczono tylko czêœæ ¿¹dania ReadProcessMemory lub WriteProcessMemory. (0x12B)
[0711/212533.321:ERROR:process_memory_win.cc(73)] ReadMemory at 0xc4cd186000 of 6024 bytes failed: Ukoñczono tylko czêœæ ¿¹dania ReadProcessMemory lub WriteProcessMemory. (0x12B)
[0711/212533.321:ERROR:process_memory_win.cc(73)] ReadMemory at 0xc4cd188000 of 6024 bytes failed: Ukoñczono tylko czêœæ ¿¹dania ReadProcessMemory lub WriteProcessMemory. (0x12B)
[0711/212533.321:ERROR:process_memory_win.cc(73)] ReadMemory at 0xc4cd18a000 of 6024 bytes failed: Ukoñczono tylko czêœæ ¿¹dania ReadProcessMemory lub WriteProcessMemory. (0x12B)
[0711/212533.321:ERROR:process_memory_win.cc(73)] ReadMemory at 0xc4cd18c000 of 6024 bytes failed: Ukoñczono tylko czêœæ ¿¹dania ReadProcessMemory lub WriteProcessMemory. (0x12B)
[0711/212533.321:ERROR:process_memory_win.cc(73)] ReadMemory at 0xc4cd18e000 of 6024 bytes failed: Ukoñczono tylko czêœæ ¿¹dania ReadProcessMemory lub WriteProcessMemory. (0x12B)
[0711/212533.321:ERROR:process_memory_win.cc(73)] ReadMemory at 0xc4cd190000 of 6024 bytes failed: Ukoñczono tylko czêœæ ¿¹dania ReadProcessMemory lub WriteProcessMemory. (0x12B)
[0711/212533.321:ERROR:process_memory_win.cc(73)] ReadMemory at 0xc4cd192000 of 6024 bytes failed: Ukoñczono tylko czêœæ ¿¹dania ReadProcessMemory lub WriteProcessMemory. (0x12B)
[0711/212533.321:ERROR:process_memory_win.cc(73)] ReadMemory at 0xc4cd194000 of 6024 bytes failed: Ukoñczono tylko czêœæ ¿¹dania ReadProcessMemory lub WriteProcessMemory. (0x12B)
[0711/212533.322:ERROR:process_memory_win.cc(73)] ReadMemory at 0xc4cd196000 of 6024 bytes failed: Ukoñczono tylko czêœæ ¿¹dania ReadProcessMemory lub WriteProcessMemory. (0x12B)
[0711/212533.322:ERROR:process_memory_win.cc(73)] ReadMemory at 0x222005f0c40 of 512 bytes failed: Ukoñczono tylko czêœæ ¿¹dania ReadProcessMemory lub WriteProcessMemory. (0x12B)
[0711/212533.322:ERROR:process_memory_win.cc(73)] ReadMemory at 0x22200932e30 of 512 bytes failed: Ukoñczono tylko czêœæ ¿¹dania ReadProcessMemory lub WriteProcessMemory. (0x12B)
[0711/212533.322:ERROR:process_memory_win.cc(73)] ReadMemory at 0x2220094e6d0 of 712 bytes failed: Ukoñczono tylko czêœæ ¿¹dania ReadProcessMemory lub WriteProcessMemory. (0x12B)
[0711/212533.322:ERROR:process_memory_win.cc(73)] ReadMemory at 0x22200951660 of 512 bytes failed: Ukoñczono tylko czêœæ ¿¹dania ReadProcessMemory lub WriteProcessMemory. (0x12B)
[0711/212533.322:ERROR:process_memory_win.cc(73)] ReadMemory at 0x222009527d0 of 512 bytes failed: Ukoñczono tylko czêœæ ¿¹dania ReadProcessMemory lub WriteProcessMemory. (0x12B)
[0711/212533.322:ERROR:process_memory_win.cc(73)] ReadMemory at 0x2220096e400 of 512 bytes failed: Ukoñczono tylko czêœæ ¿¹dania ReadProcessMemory lub WriteProcessMemory. (0x12B)
[0711/212533.322:ERROR:process_memory_win.cc(73)] ReadMemory at 0x222009816b0 of 512 bytes failed: Ukoñczono tylko czêœæ ¿¹dania ReadProcessMemory lub WriteProcessMemory. (0x12B)
[0711/212533.322:ERROR:process_memory_win.cc(73)] ReadMemory at 0x22200982260 of 1040 bytes failed: Ukoñczono tylko czêœæ ¿¹dania ReadProcessMemory lub WriteProcessMemory. (0x12B)
[0711/212533.322:ERROR:process_memory_win.cc(73)] ReadMemory at 0x22200982730 of 512 bytes failed: Ukoñczono tylko czêœæ ¿¹dania ReadProcessMemory lub WriteProcessMemory. (0x12B)
[0711/212533.322:ERROR:process_memory_win.cc(73)] ReadMemory at 0x22200983ee0 of 512 bytes failed: Ukoñczono tylko czêœæ ¿¹dania ReadProcessMemory lub WriteProcessMemory. (0x12B)
[0711/212533.322:ERROR:process_memory_win.cc(73)] ReadMemory at 0x2220277a530 of 584 bytes failed: Ukoñczono tylko czêœæ ¿¹dania ReadProcessMemory lub WriteProcessMemory. (0x12B)
[0711/212533.322:ERROR:process_memory_win.cc(73)] ReadMemory at 0x2220277c4f0 of 512 bytes failed: Ukoñczono tylko czêœæ ¿¹dania ReadProcessMemory lub WriteProcessMemory. (0x12B)
[0711/212533.322:ERROR:process_memory_win.cc(73)] ReadMemory at 0x22203143040 of 528 bytes failed: Ukoñczono tylko czêœæ ¿¹dania ReadProcessMemory lub WriteProcessMemory. (0x12B)
[0711/212533.322:ERROR:process_memory_win.cc(73)] ReadMemory at 0x2220384ba68 of 512 bytes failed: Ukoñczono tylko czêœæ ¿¹dania ReadProcessMemory lub WriteProcessMemory. (0x12B)
[0711/212533.323:ERROR:process_memory_win.cc(73)] ReadMemory at 0x22203a66120 of 512 bytes failed: Ukoñczono tylko czêœæ ¿¹dania ReadProcessMemory lub WriteProcessMemory. (0x12B)
[0711/212533.323:ERROR:process_memory_win.cc(73)] ReadMemory at 0x22203a67af8 of 512 bytes failed: Ukoñczono tylko czêœæ ¿¹dania ReadProcessMemory lub WriteProcessMemory. (0x12B)
[0711/212533.323:ERROR:process_memory_win.cc(73)] ReadMemory at 0x22203aaf148 of 512 bytes failed: Ukoñczono tylko czêœæ ¿¹dania ReadProcessMemory lub WriteProcessMemory. (0x12B)
[0711/212533.323:ERROR:process_memory_win.cc(73)] ReadMemory at 0x22203b3da90 of 512 bytes failed: Ukoñczono tylko czêœæ ¿¹dania ReadProcessMemory lub WriteProcessMemory. (0x12B)
[0711/212533.323:ERROR:process_memory_win.cc(73)] ReadMemory at 0x22210530fe0 of 5040 bytes failed: Ukoñczono tylko czêœæ ¿¹dania ReadProcessMemory lub WriteProcessMemory. (0x12B)
[0711/212533.323:ERROR:process_memory_win.cc(73)] ReadMemory at 0x222105323a0 of 1012 bytes failed: Ukoñczono tylko czêœæ ¿¹dania ReadProcessMemory lub WriteProcessMemory. (0x12B)
[0711/212533.323:ERROR:process_memory_win.cc(73)] ReadMemory at 0x222105329c8 of 118 bytes failed: Ukoñczono tylko czêœæ ¿¹dania ReadProcessMemory lub WriteProcessMemory. (0x12B)
[0711/212533.323:ERROR:process_memory_win.cc(73)] ReadMemory at 0x22210532a40 of 950 bytes failed: Ukoñczono tylko czêœæ ¿¹dania ReadProcessMemory lub WriteProcessMemory. (0x12B)
[0711/212533.323:ERROR:process_memory_win.cc(73)] ReadMemory at 0x22210532df8 of 118 bytes failed: Ukoñczono tylko czêœæ ¿¹dania ReadProcessMemory lub WriteProcessMemory. (0x12B)
[0711/212533.323:ERROR:process_memory_win.cc(73)] ReadMemory at 0x22210532e70 of 100 bytes failed: Ukoñczono tylko czêœæ ¿¹dania ReadProcessMemory lub WriteProcessMemory. (0x12B)
[0711/212533.323:ERROR:process_memory_win.cc(73)] ReadMemory at 0x22210532ee0 of 58 bytes failed: Ukoñczono tylko czêœæ ¿¹dania ReadProcessMemory lub WriteProcessMemory. (0x12B)
[0711/212533.323:ERROR:process_memory_win.cc(73)] ReadMemory at 0x22210532fe0 of 132 bytes failed: Ukoñczono tylko czêœæ ¿¹dania ReadProcessMemory lub WriteProcessMemory. (0x12B)
[0711/212533.323:ERROR:process_memory_win.cc(73)] ReadMemory at 0x22210533170 of 132 bytes failed: Ukoñczono tylko czêœæ ¿¹dania ReadProcessMemory lub WriteProcessMemory. (0x12B)
[0711/212533.323:ERROR:process_memory_win.cc(73)] ReadMemory at 0x22210533330 of 126 bytes failed: Ukoñczono tylko czêœæ ¿¹dania ReadProcessMemory lub WriteProcessMemory. (0x12B)
[0711/212533.323:ERROR:process_memory_win.cc(73)] ReadMemory at 0x22210533650 of 62 bytes failed: Ukoñczono tylko czêœæ ¿¹dania ReadProcessMemory lub WriteProcessMemory. (0x12B)
[0711/212533.323:ERROR:process_memory_win.cc(73)] ReadMemory at 0x22210533710 of 132 bytes failed: Ukoñczono tylko czêœæ ¿¹dania ReadProcessMemory lub WriteProcessMemory. (0x12B)
[0711/212533.323:ERROR:process_memory_win.cc(73)] ReadMemory at 0x222105338a0 of 64 bytes failed: Ukoñczono tylko czêœæ ¿¹dania ReadProcessMemory lub WriteProcessMemory. (0x12B)
[0711/212533.323:ERROR:process_memory_win.cc(73)] ReadMemory at 0x22210533d00 of 132 bytes failed: Ukoñczono tylko czêœæ ¿¹dania ReadProcessMemory lub WriteProcessMemory. (0x12B)
[0711/212533.323:ERROR:process_memory_win.cc(73)] ReadMemory at 0x22210533e90 of 68 bytes failed: Ukoñczono tylko czêœæ ¿¹dania ReadProcessMemory lub WriteProcessMemory. (0x12B)
[0711/212533.323:ERROR:process_memory_win.cc(73)] ReadMemory at 0x22210534e80 of 132 bytes failed: Ukoñczono tylko czêœæ ¿¹dania ReadProcessMemory lub WriteProcessMemory. (0x12B)
[0711/212533.324:ERROR:process_memory_win.cc(73)] ReadMemory at 0x22210534fb0 of 132 bytes failed: Ukoñczono tylko czêœæ ¿¹dania ReadProcessMemory lub WriteProcessMemory. (0x12B)
[0711/212533.324:ERROR:process_memory_win.cc(73)] ReadMemory at 0x22210535470 of 132 bytes failed: Ukoñczono tylko czêœæ ¿¹dania ReadProcessMemory lub WriteProcessMemory. (0x12B)
[0711/212533.324:ERROR:process_memory_win.cc(73)] ReadMemory at 0x222105355a0 of 60 bytes failed: Ukoñczono tylko czêœæ ¿¹dania ReadProcessMemory lub WriteProcessMemory. (0x12B)
[0711/212533.324:ERROR:process_memory_win.cc(73)] ReadMemory at 0x222105355f0 of 158 bytes failed: Ukoñczono tylko czêœæ ¿¹dania ReadProcessMemory lub WriteProcessMemory. (0x12B)
[0711/212533.324:ERROR:process_memory_win.cc(73)] ReadMemory at 0x222105357f0 of 132 bytes failed: Ukoñczono tylko czêœæ ¿¹dania ReadProcessMemory lub WriteProcessMemory. (0x12B)
[0711/212533.324:ERROR:process_memory_win.cc(73)] ReadMemory at 0x22210535980 of 64 bytes failed: Ukoñczono tylko czêœæ ¿¹dania ReadProcessMemory lub WriteProcessMemory. (0x12B)
[0711/212533.324:ERROR:process_memory_win.cc(73)] ReadMemory at 0x22210535c00 of 132 bytes failed: Ukoñczono tylko czêœæ ¿¹dania ReadProcessMemory lub WriteProcessMemory. (0x12B)
[0711/212533.324:ERROR:process_memory_win.cc(73)] ReadMemory at 0x22210535d90 of 64 bytes failed: Ukoñczono tylko czêœæ ¿¹dania ReadProcessMemory lub WriteProcessMemory. (0x12B)
[0711/212533.324:ERROR:process_memory_win.cc(73)] ReadMemory at 0x22210535ff0 of 132 bytes failed: Ukoñczono tylko czêœæ ¿¹dania ReadProcessMemory lub WriteProcessMemory. (0x12B)
[0711/212533.324:ERROR:process_memory_win.cc(73)] ReadMemory at 0x22210536180 of 60 bytes failed: Ukoñczono tylko czêœæ ¿¹dania ReadProcessMemory lub WriteProcessMemory. (0x12B)
[0711/212533.324:ERROR:process_memory_win.cc(73)] ReadMemory at 0x22210536490 of 132 bytes failed: Ukoñczono tylko czêœæ ¿¹dania ReadProcessMemory lub WriteProcessMemory. (0x12B)
[0711/212533.324:ERROR:process_memory_win.cc(73)] ReadMemory at 0x22210536620 of 60 bytes failed: Ukoñczono tylko czêœæ ¿¹dania ReadProcessMemory lub WriteProcessMemory. (0x12B)
[0711/212533.324:ERROR:process_memory_win.cc(73)] ReadMemory at 0x22210536860 of 132 bytes failed: Ukoñczono tylko czêœæ ¿¹dania ReadProcessMemory lub WriteProcessMemory. (0x12B)
[0711/212533.324:ERROR:process_memory_win.cc(73)] ReadMemory at 0x222105369f0 of 62 bytes failed: Ukoñczono tylko czêœæ ¿¹dania ReadProcessMemory lub WriteProcessMemory. (0x12B)
[0711/212533.324:ERROR:process_memory_win.cc(73)] ReadMemory at 0x22210536d70 of 132 bytes failed: Ukoñczono tylko czêœæ ¿¹dania ReadProcessMemory lub WriteProcessMemory. (0x12B)
[0711/212533.325:ERROR:process_memory_win.cc(73)] ReadMemory at 0x22210536f00 of 80 bytes failed: Ukoñczono tylko czêœæ ¿¹dania ReadProcessMemory lub WriteProcessMemory. (0x12B)
[0711/212533.325:ERROR:process_memory_win.cc(73)] ReadMemory at 0x22210539540 of 132 bytes failed: Ukoñczono tylko czêœæ ¿¹dania ReadProcessMemory lub WriteProcessMemory. (0x12B)
[0711/212533.325:ERROR:process_memory_win.cc(73)] ReadMemory at 0x222105396c0 of 78 bytes failed: Ukoñczono tylko czêœæ ¿¹dania ReadProcessMemory lub WriteProcessMemory. (0x12B)
[0711/212533.325:ERROR:process_memory_win.cc(73)] ReadMemory at 0x222105399c0 of 76 bytes failed: Ukoñczono tylko czêœæ ¿¹dania ReadProcessMemory lub WriteProcessMemory. (0x12B)
[0711/212533.325:ERROR:process_memory_win.cc(73)] ReadMemory at 0x2221053aac0 of 132 bytes failed: Ukoñczono tylko czêœæ ¿¹dania ReadProcessMemory lub WriteProcessMemory. (0x12B)
[0711/212533.325:ERROR:process_memory_win.cc(73)] ReadMemory at 0x2221053abf0 of 66 bytes failed: Ukoñczono tylko czêœæ ¿¹dania ReadProcessMemory lub WriteProcessMemory. (0x12B)
[0711/212533.325:ERROR:process_memory_win.cc(73)] ReadMemory at 0x2221053ae30 of 132 bytes failed: Ukoñczono tylko czêœæ ¿¹dania ReadProcessMemory lub WriteProcessMemory. (0x12B)
[0711/212533.325:ERROR:process_memory_win.cc(73)] ReadMemory at 0x2221053af60 of 62 bytes failed: Ukoñczono tylko czêœæ ¿¹dania ReadProcessMemory lub WriteProcessMemory. (0x12B)
[0711/212533.325:ERROR:process_memory_win.cc(73)] ReadMemory at 0x2221053b1c0 of 132 bytes failed: Ukoñczono tylko czêœæ ¿¹dania ReadProcessMemory lub WriteProcessMemory. (0x12B)
[0711/212533.325:ERROR:process_memory_win.cc(73)] ReadMemory at 0x2221053b2f0 of 64 bytes failed: Ukoñczono tylko czêœæ ¿¹dania ReadProcessMemory lub WriteProcessMemory. (0x12B)
[0711/212533.325:ERROR:process_memory_win.cc(73)] ReadMemory at 0x2221053b580 of 132 bytes failed: Ukoñczono tylko czêœæ ¿¹dania ReadProcessMemory lub WriteProcessMemory. (0x12B)
[0711/212533.325:ERROR:process_memory_win.cc(73)] ReadMemory at 0x2221053b6b0 of 132 bytes failed: Ukoñczono tylko czêœæ ¿¹dania ReadProcessMemory lub WriteProcessMemory. (0x12B)
[0711/212533.325:ERROR:process_memory_win.cc(73)] ReadMemory at 0x2221053b7e0 of 132 bytes failed: Ukoñczono tylko czêœæ ¿¹dania ReadProcessMemory lub WriteProcessMemory. (0x12B)
[0711/212533.325:ERROR:process_memory_win.cc(73)] ReadMemory at 0x2221053b910 of 132 bytes failed: Ukoñczono tylko czêœæ ¿¹dania ReadProcessMemory lub WriteProcessMemory. (0x12B)
[0711/212533.325:ERROR:process_memory_win.cc(73)] ReadMemory at 0x2221053ba40 of 132 bytes failed: Ukoñczono tylko czêœæ ¿¹dania ReadProcessMemory lub WriteProcessMemory. (0x12B)
[0711/212533.326:ERROR:process_memory_win.cc(73)] ReadMemory at 0x2221053bb70 of 132 bytes failed: Ukoñczono tylko czêœæ ¿¹dania ReadProcessMemory lub WriteProcessMemory. (0x12B)
[0711/212533.326:ERROR:process_memory_win.cc(73)] ReadMemory at 0x2221053bca0 of 132 bytes failed: Ukoñczono tylko czêœæ ¿¹dania ReadProcessMemory lub WriteProcessMemory. (0x12B)
[0711/212533.326:ERROR:process_memory_win.cc(73)] ReadMemory at 0x2221053bdd0 of 132 bytes failed: Ukoñczono tylko czêœæ ¿¹dania ReadProcessMemory lub WriteProcessMemory. (0x12B)
[0711/212533.326:ERROR:process_memory_win.cc(73)] ReadMemory at 0x2221053bf00 of 132 bytes failed: Ukoñczono tylko czêœæ ¿¹dania ReadProcessMemory lub WriteProcessMemory. (0x12B)
[0711/212533.326:ERROR:process_memory_win.cc(73)] ReadMemory at 0x2221053c030 of 132 bytes failed: Ukoñczono tylko czêœæ ¿¹dania ReadProcessMemory lub WriteProcessMemory. (0x12B)
[0711/212533.326:ERROR:process_memory_win.cc(73)] ReadMemory at 0x2221053c160 of 132 bytes failed: Ukoñczono tylko czêœæ ¿¹dania ReadProcessMemory lub WriteProcessMemory. (0x12B)
[0711/212533.326:ERROR:process_memory_win.cc(73)] ReadMemory at 0x2221053c290 of 132 bytes failed: Ukoñczono tylko czêœæ ¿¹dania ReadProcessMemory lub WriteProcessMemory. (0x12B)
[0711/212533.326:ERROR:process_memory_win.cc(73)] ReadMemory at 0x2221053c3c0 of 132 bytes failed: Ukoñczono tylko czêœæ ¿¹dania ReadProcessMemory lub WriteProcessMemory. (0x12B)
[0711/212533.326:ERROR:process_memory_win.cc(73)] ReadMemory at 0x2221053c590 of 62 bytes failed: Ukoñczono tylko czêœæ ¿¹dania ReadProcessMemory lub WriteProcessMemory. (0x12B)
[0711/212533.326:ERROR:process_memory_win.cc(73)] ReadMemory at 0x2221053c5e0 of 58 bytes failed: Ukoñczono tylko czêœæ ¿¹dania ReadProcessMemory lub WriteProcessMemory. (0x12B)
[0711/212533.326:ERROR:process_memory_win.cc(73)] ReadMemory at 0x2221053c630 of 66 bytes failed: Ukoñczono tylko czêœæ ¿¹dania ReadProcessMemory lub WriteProcessMemory. (0x12B)
[0711/212533.326:ERROR:process_memory_win.cc(73)] ReadMemory at 0x2221053c680 of 62 bytes failed: Ukoñczono tylko czêœæ ¿¹dania ReadProcessMemory lub WriteProcessMemory. (0x12B)
[0711/212533.326:ERROR:process_memory_win.cc(73)] ReadMemory at 0x2221053c6d0 of 60 bytes failed: Ukoñczono tylko czêœæ ¿¹dania ReadProcessMemory lub WriteProcessMemory. (0x12B)
[0711/212533.326:ERROR:process_memory_win.cc(73)] ReadMemory at 0x2221053c720 of 62 bytes failed: Ukoñczono tylko czêœæ ¿¹dania ReadProcessMemory lub WriteProcessMemory. (0x12B)
[0711/212533.327:ERROR:process_memory_win.cc(73)] ReadMemory at 0x2221053c7c0 of 58 bytes failed: Ukoñczono tylko czêœæ ¿¹dania ReadProcessMemory lub WriteProcessMemory. (0x12B)
[0711/212533.327:ERROR:process_memory_win.cc(73)] ReadMemory at 0x2221053c860 of 62 bytes failed: Ukoñczono tylko czêœæ ¿¹dania ReadProcessMemory lub WriteProcessMemory. (0x12B)
[0711/212533.327:ERROR:process_memory_win.cc(73)] ReadMemory at 0x2221053ca40 of 64 bytes failed: Ukoñczono tylko czêœæ ¿¹dania ReadProcessMemory lub WriteProcessMemory. (0x12B)
[0711/212533.327:ERROR:process_memory_win.cc(73)] ReadMemory at 0x2221053ca90 of 60 bytes failed: Ukoñczono tylko czêœæ ¿¹dania ReadProcessMemory lub WriteProcessMemory. (0x12B)
[0711/212533.327:ERROR:process_memory_win.cc(73)] ReadMemory at 0x2221053cbd0 of 62 bytes failed: Ukoñczono tylko czêœæ ¿¹dania ReadProcessMemory lub WriteProcessMemory. (0x12B)
[0711/212533.327:ERROR:process_memory_win.cc(73)] ReadMemory at 0x2221053cc20 of 60 bytes failed: Ukoñczono tylko czêœæ ¿¹dania ReadProcessMemory lub WriteProcessMemory. (0x12B)
[0711/212533.327:ERROR:process_memory_win.cc(73)] ReadMemory at 0x2221053cc70 of 66 bytes failed: Ukoñczono tylko czêœæ ¿¹dania ReadProcessMemory lub WriteProcessMemory. (0x12B)
[0711/212533.327:ERROR:process_memory_win.cc(73)] ReadMemory at 0x2221053ccc0 of 528 bytes failed: Ukoñczono tylko czêœæ ¿¹dania ReadProcessMemory lub WriteProcessMemory. (0x12B)
[0711/212533.328:ERROR:process_memory_win.cc(73)] ReadMemory at 0x2221053e040 of 246 bytes failed: Ukoñczono tylko czêœæ ¿¹dania ReadProcessMemory lub WriteProcessMemory. (0x12B)
[0711/212533.328:ERROR:process_memory_win.cc(73)] ReadMemory at 0x2221053e760 of 154 bytes failed: Ukoñczono tylko czêœæ ¿¹dania ReadProcessMemory lub WriteProcessMemory. (0x12B)
[0711/212533.328:ERROR:process_memory_win.cc(73)] ReadMemory at 0x2221053f30c of 512 bytes failed: Ukoñczono tylko czêœæ ¿¹dania ReadProcessMemory lub WriteProcessMemory. (0x12B)
[0711/212533.328:ERROR:process_memory_win.cc(73)] ReadMemory at 0x222105412b0 of 132 bytes failed: Ukoñczono tylko czêœæ ¿¹dania ReadProcessMemory lub WriteProcessMemory. (0x12B)
[0711/212533.328:ERROR:process_memory_win.cc(73)] ReadMemory at 0x222105413e0 of 132 bytes failed: Ukoñczono tylko czêœæ ¿¹dania ReadProcessMemory lub WriteProcessMemory. (0x12B)
[0711/212533.328:ERROR:process_memory_win.cc(73)] ReadMemory at 0x22210541510 of 132 bytes failed: Ukoñczono tylko czêœæ ¿¹dania ReadProcessMemory lub WriteProcessMemory. (0x12B)
[0711/212533.328:ERROR:process_memory_win.cc(73)] ReadMemory at 0x22210541640 of 132 bytes failed: Ukoñczono tylko czêœæ ¿¹dania ReadProcessMemory lub WriteProcessMemory. (0x12B)
[0711/212533.328:ERROR:process_memory_win.cc(73)] ReadMemory at 0x22210541770 of 132 bytes failed: Ukoñczono tylko czêœæ ¿¹dania ReadProcessMemory lub WriteProcessMemory. (0x12B)
[0711/212533.329:ERROR:process_memory_win.cc(73)] ReadMemory at 0x222105418a0 of 132 bytes failed: Ukoñczono tylko czêœæ ¿¹dania ReadProcessMemory lub WriteProcessMemory. (0x12B)
[0711/212533.329:ERROR:process_memory_win.cc(73)] ReadMemory at 0x222105419d0 of 132 bytes failed: Ukoñczono tylko czêœæ ¿¹dania ReadProcessMemory lub WriteProcessMemory. (0x12B)
[0711/212533.329:ERROR:process_memory_win.cc(73)] ReadMemory at 0x22210541b00 of 132 bytes failed: Ukoñczono tylko czêœæ ¿¹dania ReadProcessMemory lub WriteProcessMemory. (0x12B)
[0711/212533.329:ERROR:process_memory_win.cc(73)] ReadMemory at 0x22210541c30 of 132 bytes failed: Ukoñczono tylko czêœæ ¿¹dania ReadProcessMemory lub WriteProcessMemory. (0x12B)
[0711/212533.329:ERROR:process_memory_win.cc(73)] ReadMemory at 0x22210541d60 of 132 bytes failed: Ukoñczono tylko czêœæ ¿¹dania ReadProcessMemory lub WriteProcessMemory. (0x12B)
[0711/212533.329:ERROR:process_memory_win.cc(73)] ReadMemory at 0x22210541e90 of 132 bytes failed: Ukoñczono tylko czêœæ ¿¹dania ReadProcessMemory lub WriteProcessMemory. (0x12B)
[0711/212533.329:ERROR:process_memory_win.cc(73)] ReadMemory at 0x22210541fc0 of 132 bytes failed: Ukoñczono tylko czêœæ ¿¹dania ReadProcessMemory lub WriteProcessMemory. (0x12B)
[0711/212533.329:ERROR:process_memory_win.cc(73)] ReadMemory at 0x222105420f0 of 132 bytes failed: Ukoñczono tylko czêœæ ¿¹dania ReadProcessMemory lub WriteProcessMemory. (0x12B)
[0711/212533.329:ERROR:process_memory_win.cc(73)] ReadMemory at 0x22210542220 of 132 bytes failed: Ukoñczono tylko czêœæ ¿¹dania ReadProcessMemory lub WriteProcessMemory. (0x12B)
[0711/212533.329:ERROR:process_memory_win.cc(73)] ReadMemory at 0x22210542350 of 132 bytes failed: Ukoñczono tylko czêœæ ¿¹dania ReadProcessMemory lub WriteProcessMemory. (0x12B)
[0711/212533.330:ERROR:process_memory_win.cc(73)] ReadMemory at 0x22210542480 of 132 bytes failed: Ukoñczono tylko czêœæ ¿¹dania ReadProcessMemory lub WriteProcessMemory. (0x12B)
[0711/212533.330:ERROR:process_memory_win.cc(73)] ReadMemory at 0x222105425b0 of 132 bytes failed: Ukoñczono tylko czêœæ ¿¹dania ReadProcessMemory lub WriteProcessMemory. (0x12B)
[0711/212533.330:ERROR:process_memory_win.cc(73)] ReadMemory at 0x222105426e0 of 132 bytes failed: Ukoñczono tylko czêœæ ¿¹dania ReadProcessMemory lub WriteProcessMemory. (0x12B)
[0711/212533.330:ERROR:process_memory_win.cc(73)] ReadMemory at 0x22210542810 of 132 bytes failed: Ukoñczono tylko czêœæ ¿¹dania ReadProcessMemory lub WriteProcessMemory. (0x12B)
[0711/212533.330:ERROR:process_memory_win.cc(73)] ReadMemory at 0x22210542940 of 132 bytes failed: Ukoñczono tylko czêœæ ¿¹dania ReadProcessMemory lub WriteProcessMemory. (0x12B)
[0711/212533.330:ERROR:process_memory_win.cc(73)] ReadMemory at 0x22210542a70 of 132 bytes failed: Ukoñczono tylko czêœæ ¿¹dania ReadProcessMemory lub WriteProcessMemory. (0x12B)
[0711/212533.330:ERROR:process_memory_win.cc(73)] ReadMemory at 0x22210542cd0 of 132 bytes failed: Ukoñczono tylko czêœæ ¿¹dania ReadProcessMemory lub WriteProcessMemory. (0x12B)
[0711/212533.330:ERROR:process_memory_win.cc(73)] ReadMemory at 0x22210542e00 of 132 bytes failed: Ukoñczono tylko czêœæ ¿¹dania ReadProcessMemory lub WriteProcessMemory. (0x12B)
[0711/212533.331:ERROR:process_memory_win.cc(73)] ReadMemory at 0x22210542f30 of 132 bytes failed: Ukoñczono tylko czêœæ ¿¹dania ReadProcessMemory lub WriteProcessMemory. (0x12B)
[0711/212533.331:ERROR:process_memory_win.cc(73)] ReadMemory at 0x22210543060 of 132 bytes failed: Ukoñczono tylko czêœæ ¿¹dania ReadProcessMemory lub WriteProcessMemory. (0x12B)
[0711/212533.331:ERROR:process_memory_win.cc(73)] ReadMemory at 0x22210543440 of 80 bytes failed: Ukoñczono tylko czêœæ ¿¹dania ReadProcessMemory lub WriteProcessMemory. (0x12B)
[0711/212533.331:ERROR:process_memory_win.cc(73)] ReadMemory at 0x22210547760 of 58 bytes failed: Ukoñczono tylko czêœæ ¿¹dania ReadProcessMemory lub WriteProcessMemory. (0x12B)
[0711/212533.331:ERROR:process_memory_win.cc(73)] ReadMemory at 0x2221054dfb0 of 54 bytes failed: Ukoñczono tylko czêœæ ¿¹dania ReadProcessMemory lub WriteProcessMemory. (0x12B)
[0711/212533.331:ERROR:process_memory_win.cc(73)] ReadMemory at 0x22210554720 of 68 bytes failed: Ukoñczono tylko czêœæ ¿¹dania ReadProcessMemory lub WriteProcessMemory. (0x12B)
[0711/212533.331:ERROR:process_memory_win.cc(73)] ReadMemory at 0x22210554770 of 62 bytes failed: Ukoñczono tylko czêœæ ¿¹dania ReadProcessMemory lub WriteProcessMemory. (0x12B)
[0711/212533.331:ERROR:process_memory_win.cc(73)] ReadMemory at 0x22210554860 of 62 bytes failed: Ukoñczono tylko czêœæ ¿¹dania ReadProcessMemory lub WriteProcessMemory. (0x12B)
[0711/212533.331:ERROR:process_memory_win.cc(73)] ReadMemory at 0x222105548b0 of 64 bytes failed: Ukoñczono tylko czêœæ ¿¹dania ReadProcessMemory lub WriteProcessMemory. (0x12B)
[0711/212533.331:ERROR:process_memory_win.cc(73)] ReadMemory at 0x22210554900 of 62 bytes failed: Ukoñczono tylko czêœæ ¿¹dania ReadProcessMemory lub WriteProcessMemory. (0x12B)
[0711/212533.331:ERROR:process_memory_win.cc(73)] ReadMemory at 0x22210554a40 of 60 bytes failed: Ukoñczono tylko czêœæ ¿¹dania ReadProcessMemory lub WriteProcessMemory. (0x12B)
[0711/212533.331:ERROR:process_memory_win.cc(73)] ReadMemory at 0x22210554b30 of 56 bytes failed: Ukoñczono tylko czêœæ ¿¹dania ReadProcessMemory lub WriteProcessMemory. (0x12B)
[0711/212533.332:ERROR:process_memory_win.cc(73)] ReadMemory at 0x22210554b80 of 60 bytes failed: Ukoñczono tylko czêœæ ¿¹dania ReadProcessMemory lub WriteProcessMemory. (0x12B)
[0711/212533.332:ERROR:process_memory_win.cc(73)] ReadMemory at 0x22210554bd0 of 58 bytes failed: Ukoñczono tylko czêœæ ¿¹dania ReadProcessMemory lub WriteProcessMemory. (0x12B)
[0711/212533.332:ERROR:process_memory_win.cc(73)] ReadMemory at 0x22210554c20 of 60 bytes failed: Ukoñczono tylko czêœæ ¿¹dania ReadProcessMemory lub WriteProcessMemory. (0x12B)
[0711/212533.332:ERROR:process_memory_win.cc(73)] ReadMemory at 0x22210554c70 of 64 bytes failed: Ukoñczono tylko czêœæ ¿¹dania ReadProcessMemory lub WriteProcessMemory. (0x12B)
[0711/212533.332:ERROR:process_memory_win.cc(73)] ReadMemory at 0x22210554e00 of 60 bytes failed: Ukoñczono tylko czêœæ ¿¹dania ReadProcessMemory lub WriteProcessMemory. (0x12B)
[0711/212533.332:ERROR:process_memory_win.cc(73)] ReadMemory at 0x22210554e50 of 64 bytes failed: Ukoñczono tylko czêœæ ¿¹dania ReadProcessMemory lub WriteProcessMemory. (0x12B)
[0711/212533.332:ERROR:process_memory_win.cc(73)] ReadMemory at 0x22210554f40 of 62 bytes failed: Ukoñczono tylko czêœæ ¿¹dania ReadProcessMemory lub WriteProcessMemory. (0x12B)
[0711/212533.332:ERROR:process_memory_win.cc(73)] ReadMemory at 0x22210555030 of 64 bytes failed: Ukoñczono tylko czêœæ ¿¹dania ReadProcessMemory lub WriteProcessMemory. (0x12B)
[0711/212533.332:ERROR:process_memory_win.cc(73)] ReadMemory at 0x22210555080 of 64 bytes failed: Ukoñczono tylko czêœæ ¿¹dania ReadProcessMemory lub WriteProcessMemory. (0x12B)
[0711/212533.332:ERROR:process_memory_win.cc(73)] ReadMemory at 0x22210555120 of 64 bytes failed: Ukoñczono tylko czêœæ ¿¹dania ReadProcessMemory lub WriteProcessMemory. (0x12B)
[0711/212533.332:ERROR:process_memory_win.cc(73)] ReadMemory at 0x22210555170 of 62 bytes failed: Ukoñczono tylko czêœæ ¿¹dania ReadProcessMemory lub WriteProcessMemory. (0x12B)
[0711/212533.332:ERROR:process_memory_win.cc(73)] ReadMemory at 0x22210555440 of 64 bytes failed: Ukoñczono tylko czêœæ ¿¹dania ReadProcessMemory lub WriteProcessMemory. (0x12B)
[0711/212533.332:ERROR:process_memory_win.cc(73)] ReadMemory at 0x22210555490 of 64 bytes failed: Ukoñczono tylko czêœæ ¿¹dania ReadProcessMemory lub WriteProcessMemory. (0x12B)
[0711/212533.332:ERROR:process_memory_win.cc(73)] ReadMemory at 0x222105554e0 of 62 bytes failed: Ukoñczono tylko czêœæ ¿¹dania ReadProcessMemory lub WriteProcessMemory. (0x12B)
[0711/212533.333:ERROR:process_memory_win.cc(73)] ReadMemory at 0x22210555580 of 58 bytes failed: Ukoñczono tylko czêœæ ¿¹dania ReadProcessMemory lub WriteProcessMemory. (0x12B)
[0711/212533.333:ERROR:process_memory_win.cc(73)] ReadMemory at 0x22210555670 of 60 bytes failed: Ukoñczono tylko czêœæ ¿¹dania ReadProcessMemory lub WriteProcessMemory. (0x12B)
[0711/212533.333:ERROR:process_memory_win.cc(73)] ReadMemory at 0x22210556c60 of 132 bytes failed: Ukoñczono tylko czêœæ ¿¹dania ReadProcessMemory lub WriteProcessMemory. (0x12B)
[0711/212533.333:ERROR:process_memory_win.cc(73)] ReadMemory at 0x22210556d90 of 132 bytes failed: Ukoñczono tylko czêœæ ¿¹dania ReadProcessMemory lub WriteProcessMemory. (0x12B)
[0711/212533.333:ERROR:process_memory_win.cc(73)] ReadMemory at 0x22210556ff0 of 132 bytes failed: Ukoñczono tylko czêœæ ¿¹dania ReadProcessMemory lub WriteProcessMemory. (0x12B)
[0711/212533.333:ERROR:process_memory_win.cc(73)] ReadMemory at 0x22210557120 of 132 bytes failed: Ukoñczono tylko czêœæ ¿¹dania ReadProcessMemory lub WriteProcessMemory. (0x12B)
[0711/212533.333:ERROR:process_memory_win.cc(73)] ReadMemory at 0x22210557bd0 of 132 bytes failed: Ukoñczono tylko czêœæ ¿¹dania ReadProcessMemory lub WriteProcessMemory. (0x12B)
[0711/212533.333:ERROR:process_memory_win.cc(73)] ReadMemory at 0x22210569d00 of 512 bytes failed: Ukoñczono tylko czêœæ ¿¹dania ReadProcessMemory lub WriteProcessMemory. (0x12B)
[0711/212533.333:ERROR:process_memory_win.cc(73)] ReadMemory at 0x2221056af50 of 512 bytes failed: Ukoñczono tylko czêœæ ¿¹dania ReadProcessMemory lub WriteProcessMemory. (0x12B)
[0711/212533.333:ERROR:process_memory_win.cc(73)] ReadMemory at 0x54e230bc2638 of 512 bytes failed: Ukoñczono tylko czêœæ ¿¹dania ReadProcessMemory lub WriteProcessMemory. (0x12B)
[0711/212533.333:ERROR:process_memory_win.cc(73)] ReadMemory at 0x54e230bc39b0 of 512 bytes failed: Ukoñczono tylko czêœæ ¿¹dania ReadProcessMemory lub WriteProcessMemory. (0x12B)
[0711/212533.333:ERROR:process_memory_win.cc(73)] ReadMemory at 0x7ffd9577f470 of 512 bytes failed: Ukoñczono tylko czêœæ ¿¹dania ReadProcessMemory lub WriteProcessMemory. (0x12B)
[0711/212533.334:ERROR:process_memory_win.cc(73)] ReadMemory at 0x7ffd975f078c of 512 bytes failed: Ukoñczono tylko czêœæ ¿¹dania ReadProcessMemory lub WriteProcessMemory. (0x12B)
[0711/212533.334:ERROR:process_memory_win.cc(73)] ReadMemory at 0x7ffd97c690e9 of 512 bytes failed: Ukoñczono tylko czêœæ ¿¹dania ReadProcessMemory lub WriteProcessMemory. (0x12B)
[0711/212533.334:ERROR:process_memory_win.cc(73)] ReadMemory at 0x7ffd9a41ae50 of 512 bytes failed: Ukoñczono tylko czêœæ ¿¹dania ReadProcessMemory lub WriteProcessMemory. (0x12B)
[0711/212533.334:ERROR:process_memory_win.cc(73)] ReadMemory at 0x7ffd9abff1c8 of 512 bytes failed: Ukoñczono tylko czêœæ ¿¹dania ReadProcessMemory lub WriteProcessMemory. (0x12B)
[0711/212533.334:ERROR:process_memory_win.cc(73)] ReadMemory at 0x7ffd9ac5b4e0 of 512 bytes failed: Ukoñczono tylko czêœæ ¿¹dania ReadProcessMemory lub WriteProcessMemory. (0x12B)
[0711/212533.334:ERROR:process_memory_win.cc(73)] ReadMemory at 0x7ffdf9e821f0 of 512 bytes failed: Ukoñczono tylko czêœæ ¿¹dania ReadProcessMemory lub WriteProcessMemory. (0x12B)
[0711/212533.334:ERROR:process_memory_win.cc(73)] ReadMemory at 0x7ffdfcccf764 of 672 bytes failed: Ukoñczono tylko czêœæ ¿¹dania ReadProcessMemory lub WriteProcessMemory. (0x12B)
[0711/212533.334:ERROR:process_memory_win.cc(73)] ReadMemory at 0x7ffdfcccfd64 of 512 bytes failed: Ukoñczono tylko czêœæ ¿¹dania ReadProcessMemory lub WriteProcessMemory. (0x12B)
[0711/212533.334:ERROR:process_memory_win.cc(73)] ReadMemory at 0x7ffdfccd2ff4 of 608 bytes failed: Ukoñczono tylko czêœæ ¿¹dania ReadProcessMemory lub WriteProcessMemory. (0x12B)
[0711/212533.334:ERROR:process_memory_win.cc(73)] ReadMemory at 0x7ffdfcd5c0c8 of 18 bytes failed: Ukoñczono tylko czêœæ ¿¹dania ReadProcessMemory lub WriteProcessMemory. (0x12B)
[0711/212533.334:ERROR:process_memory_win.cc(73)] ReadMemory at 0x7ffdfcd8f4f8 of 40 bytes failed: Ukoñczono tylko czêœæ ¿¹dania ReadProcessMemory lub WriteProcessMemory. (0x12B)
[0711/212533.334:ERROR:process_memory_win.cc(73)] ReadMemory at 0x7ffdfcd8f978 of 48 bytes failed: Ukoñczono tylko czêœæ ¿¹dania ReadProcessMemory lub WriteProcessMemory. (0x12B)
[0711/212533.335:ERROR:process_memory_win.cc(73)] ReadMemory at 0x7ffdfcd953a0 of 64 bytes failed: Ukoñczono tylko czêœæ ¿¹dania ReadProcessMemory lub WriteProcessMemory. (0x12B)
[0711/212533.337:ERROR:scoped_process_suspend.cc(40)] NtResumeProcess: Podjêto próbê uzyskania dostêpu do procesu koñcz¹cego dzia³anie. (0xc000010a)
